<?xml version="1.0" encoding="UTF-8" ?>
<testsuite failures="0" time="0" errors="0" skipped="0" tests="8" name="de.odysseus.el.tree.impl.ast.AstBooleanTest">
  <properties>
[...]
</properties>
  <testcase time="0" classname="de.odysseus.el.tree.impl.ast.AstBooleanTest" name="testGetValue"/>
  <testcase time="0" classname="de.odysseus.el.tree.impl.ast.AstBooleanTest" name="testIsLiteralText"/>
  <testcase time="0" classname="de.odysseus.el.tree.impl.ast.AstBooleanTest" name="testGetType"/>
  <testcase time="0" classname="de.odysseus.el.tree.impl.ast.AstBooleanTest" name="testIsReadOnly"/>
  <testcase time="0" classname="de.odysseus.el.tree.impl.ast.AstBooleanTest" name="testSetValue"/>
  <testcase time="0" classname="de.odysseus.el.tree.impl.ast.AstBooleanTest" name="testEval"/>
  <testcase time="0" classname="de.odysseus.el.tree.impl.ast.AstBooleanTest" name="testAppendStructure"/>
  <testcase time="0" classname="de.odysseus.el.tree.impl.ast.AstBooleanTest" name="testIsLeftValue"/>
</testsuite>